<?xml version="1.0" encoding="UTF-8"?>
<!-- Generated by org.testng.reporters.JUnitXMLReporter -->
<testsuite hostname="DESKTOP-JLAN3UA" failures="0" tests="10" name="Default test" time="200.498" errors="0" timestamp="12 Nov 2022 19:26:00 GMT">
  <testcase classname="Logintestsaucedemo.logintestusingparam" name="Logintosaucedemowebsite" time="41.798"/>
  <testcase classname="Logintestsaucedemo.logintestusingparam" name="Logintosaucedemowebsite" time="10.153"/>
  <testcase classname="Logintestsaucedemo.logintestusingparam" name="Logintosaucedemowebsite" time="36.742"/>
  <testcase classname="Logintestsaucedemo.logintestusingparam" name="Logintosaucedemowebsite" time="56.744"/>
  <testcase classname="Logintestsaucedemo.logintestusingparam" name="Logintosaucedemowebsite" time="9.272"/>
  <testcase classname="Logintestsaucedemo.logintestusingparam" name="Logintosaucedemowebsite" time="9.018"/>
  <testcase classname="Logintestsaucedemo.logintestusingparam" name="Logintosaucedemowebsite" time="8.924"/>
  <testcase classname="Logintestsaucedemo.logintestusingparam" name="Logintosaucedemowebsite" time="8.944"/>
  <testcase classname="Logintestsaucedemo.logintestusingparam" name="Logintosaucedemowebsite" time="9.731"/>
  <testcase classname="Logintestsaucedemo.logintestusingparam" name="Logintosaucedemowebsite" time="9.118"/>
</testsuite> <!-- Default test -->
