<?xml version="1.0" encoding="UTF-8"?>
<testng-results total="10" passed="10" failed="0" skipped="0">
  <reporter-output>
  </reporter-output>
  <suite started-at="2022-11-12T19:22:40Z" name="Default suite" finished-at="2022-11-12T19:26:00Z" duration-ms="200498">
    <groups>
    </groups>
    <test started-at="2022-11-12T19:22:40Z" name="Default test" finished-at="2022-11-12T19:26:00Z" duration-ms="200498">
      <class name="Logintestsaucedemo.logintestusingparam">
        <test-method signature="Logintosaucedemowebsite(java.lang.String, java.lang.String, java.lang.String)[pri:0, instance:Logintestsaucedemo.logintestusingparam@49964d75]" started-at="2022-11-12T23:22:40Z" name="Logintosaucedemowebsite" data-provider="data-set" finished-at="2022-11-12T23:23:22Z" duration-ms="41798" status="PASS">
          <params>
            <param index="0">
              <value>
                <![CDATA[valid]]>
              </value>
            </param>
            <param index="1">
              <value>
                <![CDATA[standard_user]]>
              </value>
            </param>
            <param index="2">
              <value>
                <![CDATA[secret_sauce]]>
              </value>
            </param>
          </params>
          <reporter-output>
          </reporter-output>
        </test-method> <!-- Logintosaucedemowebsite -->
        <test-method signature="Logintosaucedemowebsite(java.lang.String, java.lang.String, java.lang.String)[pri:0, instance:Logintestsaucedemo.logintestusingparam@49964d75]" started-at="2022-11-12T23:23:22Z" name="Logintosaucedemowebsite" data-provider="data-set" finished-at="2022-11-12T23:23:32Z" duration-ms="10153" status="PASS">
          <params>
            <param index="0">
              <value>
                <![CDATA[invalid]]>
              </value>
            </param>
            <param index="1">
              <value>
                <![CDATA[locked_out_user]]>
              </value>
            </param>
            <param index="2">
              <value>
                <![CDATA[secret_sauce]]>
              </value>
            </param>
          </params>
          <reporter-output>
          </reporter-output>
        </test-method> <!-- Logintosaucedemowebsite -->
        <test-method signature="Logintosaucedemowebsite(java.lang.String, java.lang.String, java.lang.String)[pri:0, instance:Logintestsaucedemo.logintestusingparam@49964d75]" started-at="2022-11-12T23:23:32Z" name="Logintosaucedemowebsite" data-provider="data-set" finished-at="2022-11-12T23:24:08Z" duration-ms="36742" status="PASS">
          <params>
            <param index="0">
              <value>
                <![CDATA[valid]]>
              </value>
            </param>
            <param index="1">
              <value>
                <![CDATA[problem_user]]>
              </value>
            </param>
            <param index="2">
              <value>
                <![CDATA[secret_sauce]]>
              </value>
            </param>
          </params>
          <reporter-output>
          </reporter-output>
        </test-method> <!-- Logintosaucedemowebsite -->
        <test-method signature="Logintosaucedemowebsite(java.lang.String, java.lang.String, java.lang.String)[pri:0, instance:Logintestsaucedemo.logintestusingparam@49964d75]" started-at="2022-11-12T23:24:08Z" name="Logintosaucedemowebsite" data-provider="data-set" finished-at="2022-11-12T23:25:05Z" duration-ms="56744" status="PASS">
          <params>
            <param index="0">
              <value>
                <![CDATA[valid]]>
              </value>
            </param>
            <param index="1">
              <value>
                <![CDATA[performance_glitch_user]]>
              </value>
            </param>
            <param index="2">
              <value>
                <![CDATA[secret_sauce]]>
              </value>
            </param>
          </params>
          <reporter-output>
          </reporter-output>
        </test-method> <!-- Logintosaucedemowebsite -->
        <test-method signature="Logintosaucedemowebsite(java.lang.String, java.lang.String, java.lang.String)[pri:0, instance:Logintestsaucedemo.logintestusingparam@49964d75]" started-at="2022-11-12T23:25:05Z" name="Logintosaucedemowebsite" data-provider="data-set" finished-at="2022-11-12T23:25:14Z" duration-ms="9272" status="PASS">
          <params>
            <param index="0">
              <value>
                <![CDATA[invalid]]>
              </value>
            </param>
            <param index="1">
              <value>
                <![CDATA[ ]]>
              </value>
            </param>
            <param index="2">
              <value>
                <![CDATA[ ]]>
              </value>
            </param>
          </params>
          <reporter-output>
          </reporter-output>
        </test-method> <!-- Logintosaucedemowebsite -->
        <test-method signature="Logintosaucedemowebsite(java.lang.String, java.lang.String, java.lang.String)[pri:0, instance:Logintestsaucedemo.logintestusingparam@49964d75]" started-at="2022-11-12T23:25:14Z" name="Logintosaucedemowebsite" data-provider="data-set" finished-at="2022-11-12T23:25:23Z" duration-ms="9018" status="PASS">
          <params>
            <param index="0">
              <value>
                <![CDATA[invalid]]>
              </value>
            </param>
            <param index="1">
              <value>
                <![CDATA[!@#$%^&*()]]>
              </value>
            </param>
            <param index="2">
              <value>
                <![CDATA[secret_sauce]]>
              </value>
            </param>
          </params>
          <reporter-output>
          </reporter-output>
        </test-method> <!-- Logintosaucedemowebsite -->
        <test-method signature="Logintosaucedemowebsite(java.lang.String, java.lang.String, java.lang.String)[pri:0, instance:Logintestsaucedemo.logintestusingparam@49964d75]" started-at="2022-11-12T23:25:23Z" name="Logintosaucedemowebsite" data-provider="data-set" finished-at="2022-11-12T23:25:32Z" duration-ms="8924" status="PASS">
          <params>
            <param index="0">
              <value>
                <![CDATA[invalid]]>
              </value>
            </param>
            <param index="1">
              <value>
                <![CDATA[standard_user]]>
              </value>
            </param>
            <param index="2">
              <value>
                <![CDATA[ ]]>
              </value>
            </param>
          </params>
          <reporter-output>
          </reporter-output>
        </test-method> <!-- Logintosaucedemowebsite -->
        <test-method signature="Logintosaucedemowebsite(java.lang.String, java.lang.String, java.lang.String)[pri:0, instance:Logintestsaucedemo.logintestusingparam@49964d75]" started-at="2022-11-12T23:25:32Z" name="Logintosaucedemowebsite" data-provider="data-set" finished-at="2022-11-12T23:25:41Z" duration-ms="8944" status="PASS">
          <params>
            <param index="0">
              <value>
                <![CDATA[invalid]]>
              </value>
            </param>
            <param index="1">
              <value>
                <![CDATA[Standard_use]]>
              </value>
            </param>
            <param index="2">
              <value>
                <![CDATA[secret_sauce]]>
              </value>
            </param>
          </params>
          <reporter-output>
          </reporter-output>
        </test-method> <!-- Logintosaucedemowebsite -->
        <test-method signature="Logintosaucedemowebsite(java.lang.String, java.lang.String, java.lang.String)[pri:0, instance:Logintestsaucedemo.logintestusingparam@49964d75]" started-at="2022-11-12T23:25:41Z" name="Logintosaucedemowebsite" data-provider="data-set" finished-at="2022-11-12T23:25:51Z" duration-ms="9731" status="PASS">
          <params>
            <param index="0">
              <value>
                <![CDATA[invalid]]>
              </value>
            </param>
            <param index="1">
              <value>
                <![CDATA[ ]]>
              </value>
            </param>
            <param index="2">
              <value>
                <![CDATA[secret_sauc]]>
              </value>
            </param>
          </params>
          <reporter-output>
          </reporter-output>
        </test-method> <!-- Logintosaucedemowebsite -->
        <test-method signature="Logintosaucedemowebsite(java.lang.String, java.lang.String, java.lang.String)[pri:0, instance:Logintestsaucedemo.logintestusingparam@49964d75]" started-at="2022-11-12T23:25:51Z" name="Logintosaucedemowebsite" data-provider="data-set" finished-at="2022-11-12T23:26:00Z" duration-ms="9118" status="PASS">
          <params>
            <param index="0">
              <value>
                <![CDATA[invalid]]>
              </value>
            </param>
            <param index="1">
              <value>
                <![CDATA[1234567890]]>
              </value>
            </param>
            <param index="2">
              <value>
                <![CDATA[1234567890]]>
              </value>
            </param>
          </params>
          <reporter-output>
          </reporter-output>
        </test-method> <!-- Logintosaucedemowebsite -->
      </class> <!-- Logintestsaucedemo.logintestusingparam -->
    </test> <!-- Default test -->
  </suite> <!-- Default suite -->
</testng-results>
